Yes
4 142
5 418
6 144
6 281
9 232
12 64
18 157
23 89
27 96
28 447
31 289
32 108
35 112
36 318
41 276
44 56
48 301
52 76
59 458
60 42
64 108
65 10
67 64
67 202
68 32
72 187
77 349
88 262
91 436
95 245
96 285
99 27
100 135
100 467
102 123
102 117
110 288
111 60
112 67
114 396
114 111
118 408
122 126
124 31
128 436
130 59
133 415
133 55
137 98
138 47
138 10
140 453
140 196
150 139
150 30
150 362
152 19
152 406
154 391
162 374
169 205
172 187
172 189
172 20
175 155
186 35
192 263
206 346
223 298
224 119
225 332
225 91
227 346
227 195
227 105
228 74
238 423
240 181
241 23
244 283
244 360
253 198
254 114
257 205
259 327
260 373
262 108
275 3
275 79
276 60
276 51
283 313
284 226
287 336
295 199
296 91
298 53
299 147
306 261
312 160
312 406
313 70
328 333
339 150
345 430
346 370
348 237
351 76
354 247
358 20
361 281
366 220
366 417
369 386
376 193
377 292
381 377
385 245
385 27
386 282
400 213
401 199
403 122
405 342
410 365
410 415
416 328
418 297
419 355
420 228
422 368
427 223
431 357
433 86
436 343
438 400
440 48
441 452
442 398
444 393
448 252
454 45
454 95
455 308
176 467
85 136
132 348
26 378
229 385
110 413
13 84
63 388
4 376
188 406
235 260
358 445
100 153
97 42
4 439
15 412
82 99
173 123
134 204
369 60
33 464
400 30
383 395
185 266
50 127
328 126
280 371
341 213
163 308
186 440
165 459
4 412
153 228
315 56
9 462
157 111
4 228
260 79
152 199
78 187
178 202
432 10
110 193
138 279
414 443
423 343
2 117
78 238
63 370
232 114
296 423
106 3
45 139
32 360
183 348
397 35
419 346
244 223
138 404
