Yes
3 282
5 118
6 411
6 211
8 2
9 275
10 283
11 445
12 289
13 577
13 370
14 232
16 418
16 133
16 277
18 483
19 295
20 245
21 73
21 108
21 4
22 519
23 205
23 19
26 370
27 317
27 31
29 65
32 391
32 285
33 109
34 203
34 394
35 427
36 501
36 525
38 429
39 521
39 496
41 275
44 255
44 441
44 543
45 172
46 25
47 227
50 246
51 295
51 210
53 421
53 424
53 57
54 554
56 84
59 8
59 468
61 396
63 104
64 281
64 572
64 261
67 288
68 442
69 268
69 301
71 70
72 514
74 1
78 238
81 280
82 468
82 189
82 315
83 263
85 322
87 47
89 466
90 492
92 344
92 34
92 538
92 2
92 211
93 420
93 454
93 137
94 117
94 361
95 480
96 17
102 219
102 362
104 49
105 215
106 394
108 391
109 207
110 104
114 561
115 95
116 234
116 491
118 475
119 457
119 169
119 531
120 65
121 291
121 310
121 470
122 540
122 550
123 205
128 262
132 315
134 71
136 195
138 102
138 566
144 441
146 120
147 535
150 14
151 229
151 555
151 468
155 131
155 439
156 82
159 90
160 71
160 372
164 169
165 546
169 157
169 10
169 77
170 101
171 69
172 546
172 135
172 81
172 498
172 423
172 149
172 13
174 370
174 190
175 131
176 469
176 475
177 5
178 236
181 472
183 343
185 557
186 190
188 198
189 203
190 473
190 455
191 136
192 440
195 293
196 321
197 40
200 17
203 131
203 453
205 19
207 435
209 323
210 386
211 173
212 366
213 192
213 336
213 517
215 126
215 199
216 13
216 424
216 478
217 542
221 349
222 216
224 198
224 178
225 1
225 158
226 279
226 241
228 89
228 476
231 233
231 338
231 55
235 13
238 385
241 223
245 365
246 227
247 286
247 190
247 231
248 470
249 95
250 577
250 126
253 7
255 207
258 373
258 542
264 350
266 528
269 535
273 321
275 195
277 115
277 167
277 184
278 115
279 297
281 413
281 201
282 310
282 179
283 23
286 306
288 563
289 271
289 493
289 441
290 201
290 149
290 266
291 503
291 546
291 272
293 179
293 124
294 185
295 498
295 187
296 186
296 77
297 553
298 139
304 102
304 491
307 489
307 238
309 39
309 336
310 138
311 31
313 124
313 6
314 391
314 283
314 396
314 506
315 321
317 16
318 451
319 137
319 483
320 16
320 293
321 105
323 561
326 275
327 39
327 541
327 573
328 165
331 485
334 464
334 344
336 425
336 44
337 81
337 21
337 196
338 554
339 34
342 157
343 82
345 100
345 224
346 484
346 198
348 141
349 26
350 478
350 96
351 399
352 10
353 377
354 168
356 213
360 132
361 172
361 64
362 220
363 426
364 487
366 574
367 97
368 503
368 558
369 191
369 27
370 374
372 497
372 478
374 168
379 541
382 266
383 446
384 418
384 59
385 6
386 392
387 115
387 194
387 547
388 340
389 333
389 564
389 141
389 238
391 541
394 417
394 404
396 53
398 433
400 29
401 13
401 153
403 459
404 130
404 486
405 271
405 269
405 412
406 175
407 393
407 547
407 568
408 45
410 399
410 391
413 26
416 308
418 428
419 127
420 147
420 392
422 257
423 62
424 60
426 42
427 9
427 338
427 101
429 128
430 105
431 558
431 232
432 91
432 49
434 364
434 282
439 22
440 495
441 366
442 537
443 278
444 563
446 412
447 66
448 553
449 518
449 176
451 108
451 130
454 278
454 219
455 210
456 187
456 573
456 141
457 157
462 502
463 87
464 195
465 177
465 382
465 13
467 235
469 561
470 131
470 501
473 472
474 352
474 228
477 542
478 327
479 1
479 538
480 254
481 361
481 436
482 219
483 269
484 146
485 15
488 159
489 46
490 35
492 81
492 563
494 101
494 413
494 153
495 273
496 487
497 386
498 161
499 15
501 34
502 267
502 565
502 516
506 260
507 30
510 399
512 74
515 503
515 84
515 395
517 566
518 470
518 147
521 63
522 194
523 30
523 54
523 287
524 222
525 574
525 355
526 551
527 20
527 477
529 180
531 502
531 377
532 525
533 204
534 105
535 481
541 220
542 437
544 536
544 294
545 568
545 425
546 27
547 363
548 430
550 400
552 112
552 288
553 466
554 560
557 192
559 214
559 244
562 477
562 308
562 537
562 198
563 279
563 352
565 345
567 483
567 436
568 446
568 152
568 501
569 426
571 388
572 186
573 211
573 299
575 556
575 535
577 276
511 279
559 246
568 184
403 8
110 521
129 318
509 141
93 206
357 506
453 480
144 417
114 269
216 543
79 92
350 363
569 10
28 460
479 287
526 321
151 234
383 370
344 73
12 129
36 511
121 358
454 46
483 391
569 201
471 477
112 345
331 66
360 42
239 352
43 466
312 538
134 326
114 219
150 256
12 4
242 57
251 491
275 553
320 382
310 321
106 55
86 542
225 496
412 566
415 288
463 395
33 493
83 523
217 59
71 565
452 481
507 40
488 133
244 90
218 178
357 131
315 480
435 201
154 269
430 362
274 65
89 115
98 555
552 568
11 569
381 280
400 157
38 558
575 546
482 223
495 473
456 191
208 440
76 60
68 297
356 562
325 273
286 293
430 370
429 301
501 276
80 483
417 168
515 73
356 165
450 35
298 530
360 138
483 486
341 291
429 442
37 330
250 82
145 209
240 342
79 127
284 112
371 491
256 383
422 513
563 481
571 297
545 54
71 112
284 501
544 27
71 184
217 511
449 536
316 141
33 298
432 417
48 472
217 8
181 308
227 277
156 198
304 475
92 146
268 365
5 184
66 65
125 385
499 508
151 332
346 147
337 74
520 210
509 563
452 90
369 530
89 101
163 386
77 365
437 105
169 538
474 468
541 496
371 406
155 84
246 440
290 439
376 515
286 469
492 275
514 235
43 232
518 89
106 122
148 385
196 96
28 386
356 246
75 412
197 449
158 108
263 71
253 96
203 297
454 362
103 173
465 139
437 42
399 521
58 49
315 65
111 91
242 19
233 519
332 398
286 430
319 440
266 321
301 446
237 321
526 553
304 227
343 26
172 205
502 546
243 511
296 418
5 546
180 472
240 159
35 310
113 481
186 167
137 168
7 352
331 514
506 73
274 57
405 35
508 71
270 261
188 401
212 139
116 443
88 263
534 540
91 437
304 388
103 356
197 208
217 272
262 516
299 473
337 219
202 459
554 219
68 335
380 428
311 288
32 539
107 260
241 133
420 177
174 395
339 400
111 384
568 63
171 508
170 42
116 336
488 494
369 245
67 14
283 27
134 402
28 352
127 204
459 561
51 246
181 352
547 424
36 522
140 17
549 147
330 189
431 479
171 40
559 45
33 143
