Yes
8 177
10 65
11 81
17 376
18 221
20 33
21 130
22 223
23 379
37 397
46 51
54 168
56 112
56 49
58 433
63 242
64 153
70 272
79 47
83 170
83 125
86 341
98 515
100 38
101 443
104 302
105 482
106 171
119 237
122 425
122 104
126 192
127 528
135 193
137 431
138 10
139 62
141 473
141 475
145 184
146 297
150 220
156 368
162 264
162 244
168 130
169 533
175 42
175 184
179 484
181 43
185 521
187 518
190 447
203 121
206 131
211 96
214 140
214 242
216 519
218 95
221 294
224 288
226 525
228 134
229 129
229 220
232 7
239 372
242 437
244 485
251 434
253 294
255 116
255 418
255 400
257 275
259 342
262 54
267 305
269 302
269 463
271 317
276 309
279 101
279 165
281 477
281 43
282 228
283 189
289 5
290 370
290 89
293 350
294 48
301 339
308 403
309 502
310 417
314 405
316 369
316 32
326 59
328 134
329 484
329 104
335 98
341 524
342 28
348 180
351 285
353 69
355 400
363 345
367 437
367 12
372 171
375 63
378 137
380 521
380 307
380 428
382 254
383 186
383 170
383 489
383 538
386 76
387 326
389 157
392 242
395 46
398 220
398 90
398 284
403 119
403 57
405 336
414 260
417 421
421 313
424 373
425 98
425 266
425 300
427 370
437 298
437 372
441 296
442 385
444 338
446 530
446 66
446 206
447 54
451 423
453 166
458 358
462 466
465 255
465 151
466 85
466 365
476 451
480 465
482 246
483 479
485 174
486 110
488 323
489 440
497 402
501 16
501 199
503 417
504 310
507 192
512 261
515 209
518 23
520 473
524 391
527 92
532 52
533 239
533 536
534 485
534 404
534 102
540 496
96 423
45 63
267 435
504 112
511 90
347 491
133 185
415 472
35 357
430 404
401 436
406 223
176 301
72 161
39 97
190 264
236 521
495 168
187 237
132 357
6 238
70 458
24 72
325 415
61 180
141 225
218 309
9 275
167 416
78 478
62 391
514 69
320 62
512 342
149 227
286 526
123 16
179 322
432 288
205 258
182 189
205 388
191 289
335 436
94 477
349 242
207 439
56 54
123 330
240 423
211 32
498 46
235 457
163 266
89 358
135 177
78 52
159 515
235 419
22 323
147 248
121 57
229 46
234 518
